{"/Users/ford/projects/personal/TIL/JS/Udemy_node_TDD/chap01/greeting/src/Greeting.ts": {"path":"/Users/ford/projects/personal/TIL/JS/Udemy_node_TDD/chap01/greeting/src/Greeting.ts","statementMap":{"0":{"start":{"line":2,"column":15},"end":{"line":2,"column":36}},"1":{"start":{"line":3,"column":2},"end":{"line":3,"column":51}},"2":{"start":{"line":3,"column":30},"end":{"line":3,"column":51}},"3":{"start":{"line":4,"column":2},"end":{"line":4,"column":40}},"4":{"start":{"line":4,"column":17},"end":{"line":4,"column":40}},"5":{"start":{"line":5,"column":2},"end":{"line":5,"column":42}},"6":{"start":{"line":5,"column":17},"end":{"line":5,"column":42}},"7":{"start":{"line":6,"column":2},"end":{"line":6,"column":40}},"8":{"start":{"line":6,"column":17},"end":{"line":6,"column":40}},"9":{"start":{"line":1,"column":0},"end":{"line":1,"column":16}}},"fnMap":{"0":{"name":"greeting","decl":{"start":{"line":1,"column":16},"end":{"line":1,"column":24}},"loc":{"start":{"line":1,"column":24},"end":{"line":7,"column":1}}}},"branchMap":{"0":{"loc":{"start":{"line":3,"column":2},"end":{"line":3,"column":51}},"type":"if","locations":[{"start":{"line":3,"column":2},"end":{"line":3,"column":51}}]},"1":{"loc":{"start":{"line":3,"column":6},"end":{"line":3,"column":28}},"type":"binary-expr","locations":[{"start":{"line":3,"column":6},"end":{"line":3,"column":14}},{"start":{"line":3,"column":18},"end":{"line":3,"column":28}}]},"2":{"loc":{"start":{"line":4,"column":2},"end":{"line":4,"column":40}},"type":"if","locations":[{"start":{"line":4,"column":2},"end":{"line":4,"column":40}}]},"3":{"loc":{"start":{"line":5,"column":2},"end":{"line":5,"column":42}},"type":"if","locations":[{"start":{"line":5,"column":2},"end":{"line":5,"column":42}}]},"4":{"loc":{"start":{"line":6,"column":2},"end":{"line":6,"column":40}},"type":"if","locations":[{"start":{"line":6,"column":2},"end":{"line":6,"column":40}}]}},"s":{"0":5,"1":5,"2":2,"3":3,"4":1,"5":2,"6":1,"7":1,"8":1,"9":1},"f":{"0":5},"b":{"0":[2],"1":[5,4],"2":[1],"3":[1],"4":[1]}}
}
