{"/Users/heechan/projects/personal/TIL/JS/Udemy_node_TDD/marsRover/src/Direction.ts": {"path":"/Users/heechan/projects/personal/TIL/JS/Udemy_node_TDD/marsRover/src/Direction.ts","statementMap":{"0":{"start":{"line":1,"column":19},"end":{"line":1,"column":39}},"1":{"start":{"line":4,"column":10},"end":{"line":4,"column":23}},"2":{"start":{"line":7,"column":4},"end":{"line":7,"column":37}},"3":{"start":{"line":10,"column":4},"end":{"line":10,"column":23}},"4":{"start":{"line":11,"column":4},"end":{"line":11,"column":45}},"5":{"start":{"line":11,"column":27},"end":{"line":11,"column":45}},"6":{"start":{"line":14,"column":4},"end":{"line":14,"column":23}},"7":{"start":{"line":15,"column":4},"end":{"line":15,"column":45}},"8":{"start":{"line":15,"column":27},"end":{"line":15,"column":45}},"9":{"start":{"line":3,"column":0},"end":{"line":3,"column":13}}},"fnMap":{"0":{"name":"(anonymous_0)","decl":{"start":{"line":3,"column":0},"end":{"line":3,"column":13}},"loc":{"start":{"line":3,"column":0},"end":{"line":17,"column":1}}},"1":{"name":"(anonymous_1)","decl":{"start":{"line":6,"column":2},"end":{"line":6,"column":10}},"loc":{"start":{"line":6,"column":10},"end":{"line":8,"column":3}}},"2":{"name":"(anonymous_2)","decl":{"start":{"line":9,"column":2},"end":{"line":9,"column":13}},"loc":{"start":{"line":9,"column":13},"end":{"line":12,"column":3}}},"3":{"name":"(anonymous_3)","decl":{"start":{"line":13,"column":2},"end":{"line":13,"column":12}},"loc":{"start":{"line":13,"column":12},"end":{"line":16,"column":3}}}},"branchMap":{"0":{"loc":{"start":{"line":11,"column":4},"end":{"line":11,"column":45}},"type":"if","locations":[{"start":{"line":11,"column":4},"end":{"line":11,"column":45}}]},"1":{"loc":{"start":{"line":15,"column":4},"end":{"line":15,"column":45}},"type":"if","locations":[{"start":{"line":15,"column":4},"end":{"line":15,"column":45}}]}},"s":{"0":1,"1":6,"2":82,"3":9,"4":9,"5":1,"6":1,"7":1,"8":1,"9":1},"f":{"0":6,"1":82,"2":9,"3":1},"b":{"0":[1],"1":[1]}}
,"/Users/heechan/projects/personal/TIL/JS/Udemy_node_TDD/marsRover/src/Map.ts": {"path":"/Users/heechan/projects/personal/TIL/JS/Udemy_node_TDD/marsRover/src/Map.ts","statementMap":{"0":{"start":{"line":2,"column":0},"end":{"line":2,"column":32}},"1":{"start":{"line":4,"column":14},"end":{"line":4,"column":16}},"2":{"start":{"line":5,"column":14},"end":{"line":5,"column":16}},"3":{"start":{"line":8,"column":22},"end":{"line":8,"column":40}},"4":{"start":{"line":11,"column":12},"end":{"line":11,"column":22}},"5":{"start":{"line":12,"column":12},"end":{"line":12,"column":22}},"6":{"start":{"line":13,"column":4},"end":{"line":13,"column":58}},"7":{"start":{"line":13,"column":38},"end":{"line":13,"column":58}},"8":{"start":{"line":14,"column":4},"end":{"line":14,"column":58}},"9":{"start":{"line":14,"column":38},"end":{"line":14,"column":58}},"10":{"start":{"line":15,"column":4},"end":{"line":15,"column":72}},"11":{"start":{"line":15,"column":38},"end":{"line":15,"column":72}},"12":{"start":{"line":16,"column":4},"end":{"line":16,"column":72}},"13":{"start":{"line":16,"column":38},"end":{"line":16,"column":72}},"14":{"start":{"line":17,"column":4},"end":{"line":17,"column":47}},"15":{"start":{"line":19,"column":4},"end":{"line":19,"column":27}},"16":{"start":{"line":23,"column":4},"end":{"line":24,"column":44}},"17":{"start":{"line":23,"column":42},"end":{"line":23,"column":78}},"18":{"start":{"line":24,"column":6},"end":{"line":24,"column":44}},"19":{"start":{"line":7,"column":0},"end":{"line":7,"column":13}}},"fnMap":{"0":{"name":"(anonymous_0)","decl":{"start":{"line":8,"column":2},"end":{"line":8,"column":22}},"loc":{"start":{"line":8,"column":40},"end":{"line":8,"column":44}}},"1":{"name":"(anonymous_1)","decl":{"start":{"line":10,"column":2},"end":{"line":10,"column":10}},"loc":{"start":{"line":10,"column":48},"end":{"line":20,"column":3}}},"2":{"name":"(anonymous_2)","decl":{"start":{"line":22,"column":10},"end":{"line":22,"column":41}},"loc":{"start":{"line":22,"column":62},"end":{"line":25,"column":3}}},"3":{"name":"(anonymous_3)","decl":{"start":{"line":23,"column":28},"end":{"line":23,"column":29}},"loc":{"start":{"line":23,"column":42},"end":{"line":23,"column":78}}}},"branchMap":{"0":{"loc":{"start":{"line":13,"column":4},"end":{"line":13,"column":58}},"type":"if","locations":[{"start":{"line":13,"column":4},"end":{"line":13,"column":58}}]},"1":{"loc":{"start":{"line":14,"column":4},"end":{"line":14,"column":58}},"type":"if","locations":[{"start":{"line":14,"column":4},"end":{"line":14,"column":58}}]},"2":{"loc":{"start":{"line":15,"column":4},"end":{"line":15,"column":72}},"type":"if","locations":[{"start":{"line":15,"column":4},"end":{"line":15,"column":72}}]},"3":{"loc":{"start":{"line":15,"column":42},"end":{"line":15,"column":71}},"type":"cond-expr","locations":[{"start":{"line":15,"column":54},"end":{"line":15,"column":63}},{"start":{"line":15,"column":66},"end":{"line":15,"column":71}}]},"4":{"loc":{"start":{"line":16,"column":4},"end":{"line":16,"column":72}},"type":"if","locations":[{"start":{"line":16,"column":4},"end":{"line":16,"column":72}}]},"5":{"loc":{"start":{"line":16,"column":42},"end":{"line":16,"column":71}},"type":"cond-expr","locations":[{"start":{"line":16,"column":54},"end":{"line":16,"column":63}},{"start":{"line":16,"column":66},"end":{"line":16,"column":71}}]},"6":{"loc":{"start":{"line":23,"column":4},"end":{"line":24,"column":44}},"type":"if","locations":[{"start":{"line":23,"column":4},"end":{"line":24,"column":44}}]},"7":{"loc":{"start":{"line":23,"column":8},"end":{"line":23,"column":79}},"type":"cond-expr","locations":[{"start":{"line":23,"column":21},"end":{"line":23,"column":23}},{"start":{"line":23,"column":21},"end":{"line":23,"column":79}}]},"8":{"loc":{"start":{"line":23,"column":8},"end":{"line":23,"column":23}},"type":"binary-expr","locations":[{"start":{"line":23,"column":8},"end":{"line":23,"column":23}},{"start":{"line":23,"column":21},"end":{"line":23,"column":23}}]},"9":{"loc":{"start":{"line":23,"column":42},"end":{"line":23,"column":78}},"type":"binary-expr","locations":[{"start":{"line":23,"column":42},"end":{"line":23,"column":58}},{"start":{"line":23,"column":62},"end":{"line":23,"column":78}}]}},"s":{"0":1,"1":1,"2":1,"3":6,"4":19,"5":19,"6":19,"7":4,"8":19,"9":10,"10":19,"11":3,"12":19,"13":2,"14":19,"15":18,"16":19,"17":1,"18":1,"19":1},"f":{"0":6,"1":19,"2":19,"3":1},"b":{"0":[4],"1":[10],"2":[3],"3":[1,2],"4":[2],"5":[1,1],"6":[1],"7":[18,1],"8":[19,19],"9":[1,1]}}
,"/Users/heechan/projects/personal/TIL/JS/Udemy_node_TDD/marsRover/src/Point.ts": {"path":"/Users/heechan/projects/personal/TIL/JS/Udemy_node_TDD/marsRover/src/Point.ts","statementMap":{"0":{"start":{"line":6,"column":4},"end":{"line":6,"column":15}},"1":{"start":{"line":7,"column":4},"end":{"line":7,"column":15}},"2":{"start":{"line":11,"column":4},"end":{"line":11,"column":33}},"3":{"start":{"line":1,"column":0},"end":{"line":1,"column":13}}},"fnMap":{"0":{"name":"(anonymous_0)","decl":{"start":{"line":5,"column":2},"end":{"line":5,"column":14}},"loc":{"start":{"line":5,"column":34},"end":{"line":8,"column":3}}},"1":{"name":"(anonymous_1)","decl":{"start":{"line":10,"column":2},"end":{"line":10,"column":10}},"loc":{"start":{"line":10,"column":10},"end":{"line":12,"column":3}}}},"branchMap":{},"s":{"0":25,"1":25,"2":6,"3":1},"f":{"0":25,"1":6},"b":{}}
,"/Users/heechan/projects/personal/TIL/JS/Udemy_node_TDD/marsRover/src/Rover.ts": {"path":"/Users/heechan/projects/personal/TIL/JS/Udemy_node_TDD/marsRover/src/Rover.ts","statementMap":{"0":{"start":{"line":1,"column":0},"end":{"line":1,"column":40}},"1":{"start":{"line":2,"column":0},"end":{"line":2,"column":32}},"2":{"start":{"line":9,"column":22},"end":{"line":9,"column":30}},"3":{"start":{"line":6,"column":10},"end":{"line":6,"column":38}},"4":{"start":{"line":7,"column":10},"end":{"line":7,"column":37}},"5":{"start":{"line":12,"column":4},"end":{"line":24,"column":null}},"6":{"start":{"line":13,"column":6},"end":{"line":13,"column":56}},"7":{"start":{"line":13,"column":27},"end":{"line":13,"column":56}},"8":{"start":{"line":14,"column":6},"end":{"line":14,"column":55}},"9":{"start":{"line":14,"column":27},"end":{"line":14,"column":55}},"10":{"start":{"line":15,"column":6},"end":{"line":23,"column":null}},"11":{"start":{"line":16,"column":8},"end":{"line":22,"column":null}},"12":{"start":{"line":17,"column":10},"end":{"line":17,"column":75}},"13":{"start":{"line":19,"column":10},"end":{"line":21,"column":null}},"14":{"start":{"line":20,"column":12},"end":{"line":20,"column":66}},"15":{"start":{"line":25,"column":4},"end":{"line":25,"column":48}},"16":{"start":{"line":5,"column":0},"end":{"line":5,"column":13}}},"fnMap":{"0":{"name":"(anonymous_0)","decl":{"start":{"line":9,"column":2},"end":{"line":9,"column":22}},"loc":{"start":{"line":9,"column":30},"end":{"line":9,"column":34}}},"1":{"name":"(anonymous_1)","decl":{"start":{"line":11,"column":2},"end":{"line":11,"column":9}},"loc":{"start":{"line":11,"column":26},"end":{"line":26,"column":3}}}},"branchMap":{"0":{"loc":{"start":{"line":13,"column":6},"end":{"line":13,"column":56}},"type":"if","locations":[{"start":{"line":13,"column":6},"end":{"line":13,"column":56}}]},"1":{"loc":{"start":{"line":14,"column":6},"end":{"line":14,"column":55}},"type":"if","locations":[{"start":{"line":14,"column":6},"end":{"line":14,"column":55}}]},"2":{"loc":{"start":{"line":15,"column":6},"end":{"line":23,"column":null}},"type":"if","locations":[{"start":{"line":15,"column":6},"end":{"line":23,"column":null}}]},"3":{"loc":{"start":{"line":19,"column":10},"end":{"line":21,"column":null}},"type":"if","locations":[{"start":{"line":19,"column":10},"end":{"line":21,"column":null}}]}},"s":{"0":1,"1":1,"2":6,"3":6,"4":6,"5":6,"6":29,"7":9,"8":29,"9":1,"10":29,"11":19,"12":19,"13":1,"14":1,"15":5,"16":1},"f":{"0":6,"1":6},"b":{"0":[9],"1":[1],"2":[19],"3":[1]}}
}
