TN:
SF:src/Direction.ts
FN:3,(anonymous_0)
FN:6,(anonymous_1)
FN:9,(anonymous_2)
FN:13,(anonymous_3)
FNF:4
FNH:4
FNDA:6,(anonymous_0)
FNDA:82,(anonymous_1)
FNDA:9,(anonymous_2)
FNDA:1,(anonymous_3)
DA:1,1
DA:3,1
DA:4,6
DA:7,82
DA:10,9
DA:11,9
DA:14,1
DA:15,1
LF:8
LH:8
BRDA:11,0,0,1
BRDA:15,1,0,1
BRF:2
BRH:2
end_of_record
TN:
SF:src/Map.ts
FN:8,(anonymous_0)
FN:10,(anonymous_1)
FN:22,(anonymous_2)
FN:23,(anonymous_3)
FNF:4
FNH:4
FNDA:6,(anonymous_0)
FNDA:19,(anonymous_1)
FNDA:19,(anonymous_2)
FNDA:1,(anonymous_3)
DA:2,1
DA:4,1
DA:5,1
DA:7,1
DA:8,6
DA:11,19
DA:12,19
DA:13,19
DA:14,19
DA:15,19
DA:16,19
DA:17,19
DA:19,18
DA:23,19
DA:24,1
LF:15
LH:15
BRDA:13,0,0,4
BRDA:14,1,0,10
BRDA:15,2,0,3
BRDA:15,3,0,1
BRDA:15,3,1,2
BRDA:16,4,0,2
BRDA:16,5,0,1
BRDA:16,5,1,1
BRDA:23,6,0,1
BRDA:23,7,0,18
BRDA:23,7,1,1
BRDA:23,8,0,19
BRDA:23,8,1,19
BRDA:23,9,0,1
BRDA:23,9,1,1
BRF:15
BRH:15
end_of_record
TN:
SF:src/Point.ts
FN:5,(anonymous_0)
FN:10,(anonymous_1)
FNF:2
FNH:2
FNDA:25,(anonymous_0)
FNDA:6,(anonymous_1)
DA:1,1
DA:6,25
DA:7,25
DA:11,6
LF:4
LH:4
BRF:0
BRH:0
end_of_record
TN:
SF:src/Rover.ts
FN:9,(anonymous_0)
FN:11,(anonymous_1)
FNF:2
FNH:2
FNDA:6,(anonymous_0)
FNDA:6,(anonymous_1)
DA:1,1
DA:2,1
DA:5,1
DA:6,6
DA:7,6
DA:9,6
DA:12,6
DA:13,29
DA:14,29
DA:15,29
DA:16,19
DA:17,19
DA:19,1
DA:20,1
DA:25,5
LF:15
LH:15
BRDA:13,0,0,9
BRDA:14,1,0,1
BRDA:15,2,0,19
BRDA:19,3,0,1
BRF:4
BRH:4
end_of_record
