<?xml version="1.0" encoding="UTF-8"?>
<coverage generated="1684195754479" clover="3.2.0">
  <project timestamp="1684195754480" name="All files">
    <metrics statements="24" coveredstatements="24" conditionals="6" coveredconditionals="6" methods="9" coveredmethods="9" elements="39" coveredelements="39" complexity="0" loc="24" ncloc="24" packages="1" files="3" classes="3"/>
    <file name="BankAccount.ts" path="/Users/ford/projects/personal/TIL/JS/Udemy_node_TDD/chap01/banking/src/BankAccount.ts">
      <metrics statements="13" coveredstatements="13" conditionals="0" coveredconditionals="0" methods="4" coveredmethods="4"/>
      <line num="1" count="1" type="stmt"/>
      <line num="12" count="1" type="stmt"/>
      <line num="13" count="4" type="stmt"/>
      <line num="15" count="4" type="stmt"/>
      <line num="18" count="2" type="stmt"/>
      <line num="19" count="2" type="stmt"/>
      <line num="20" count="2" type="stmt"/>
      <line num="23" count="2" type="stmt"/>
      <line num="24" count="2" type="stmt"/>
      <line num="25" count="2" type="stmt"/>
      <line num="28" count="4" type="stmt"/>
      <line num="29" count="4" type="stmt"/>
      <line num="30" count="4" type="stmt"/>
    </file>
    <file name="BankStatementRepository.ts" path="/Users/ford/projects/personal/TIL/JS/Udemy_node_TDD/chap01/banking/src/BankStatementRepository.ts">
      <metrics statements="4" coveredstatements="4" conditionals="0" coveredconditionals="0" methods="3" coveredmethods="3"/>
      <line num="4" count="1" type="stmt"/>
      <line num="5" count="1" type="stmt"/>
      <line num="8" count="1" type="stmt"/>
      <line num="11" count="1" type="stmt"/>
    </file>
    <file name="Statement.ts" path="/Users/ford/projects/personal/TIL/JS/Udemy_node_TDD/chap01/banking/src/Statement.ts">
      <metrics statements="7" coveredstatements="7" conditionals="6" coveredconditionals="6" methods="2" coveredmethods="2"/>
      <line num="1" count="2" type="stmt"/>
      <line num="3" count="9" type="stmt"/>
      <line num="4" count="9" type="stmt"/>
      <line num="5" count="9" type="stmt"/>
      <line num="9" count="4" type="stmt"/>
      <line num="10" count="4" type="stmt"/>
      <line num="11" count="4" type="stmt"/>
    </file>
  </project>
</coverage>
