{"/Users/ford/projects/personal/TIL/JS/Udemy_node_TDD/chap01/banking/src/BankAccount.ts": {"path":"/Users/ford/projects/personal/TIL/JS/Udemy_node_TDD/chap01/banking/src/BankAccount.ts","statementMap":{"0":{"start":{"line":1,"column":0},"end":{"line":1,"column":40}},"1":{"start":{"line":15,"column":22},"end":{"line":15,"column":62}},"2":{"start":{"line":13,"column":10},"end":{"line":13,"column":22}},"3":{"start":{"line":18,"column":4},"end":{"line":18,"column":41}},"4":{"start":{"line":19,"column":22},"end":{"line":19,"column":69}},"5":{"start":{"line":20,"column":4},"end":{"line":20,"column":53}},"6":{"start":{"line":23,"column":4},"end":{"line":23,"column":41}},"7":{"start":{"line":24,"column":22},"end":{"line":24,"column":70}},"8":{"start":{"line":25,"column":4},"end":{"line":25,"column":53}},"9":{"start":{"line":28,"column":4},"end":{"line":28,"column":43}},"10":{"start":{"line":29,"column":4},"end":{"line":31,"column":null}},"11":{"start":{"line":30,"column":6},"end":{"line":30,"column":40}},"12":{"start":{"line":12,"column":0},"end":{"line":12,"column":13}}},"fnMap":{"0":{"name":"(anonymous_0)","decl":{"start":{"line":15,"column":2},"end":{"line":15,"column":22}},"loc":{"start":{"line":15,"column":62},"end":{"line":15,"column":66}}},"1":{"name":"(anonymous_1)","decl":{"start":{"line":17,"column":2},"end":{"line":17,"column":9}},"loc":{"start":{"line":17,"column":24},"end":{"line":21,"column":3}}},"2":{"name":"(anonymous_2)","decl":{"start":{"line":22,"column":2},"end":{"line":22,"column":10}},"loc":{"start":{"line":22,"column":25},"end":{"line":26,"column":3}}},"3":{"name":"(anonymous_3)","decl":{"start":{"line":27,"column":2},"end":{"line":27,"column":16}},"loc":{"start":{"line":27,"column":16},"end":{"line":32,"column":3}}}},"branchMap":{},"s":{"0":1,"1":4,"2":4,"3":2,"4":2,"5":2,"6":2,"7":2,"8":2,"9":4,"10":4,"11":4,"12":1},"f":{"0":4,"1":2,"2":2,"3":4},"b":{}}
,"/Users/ford/projects/personal/TIL/JS/Udemy_node_TDD/chap01/banking/src/BankStatementRepository.ts": {"path":"/Users/ford/projects/personal/TIL/JS/Udemy_node_TDD/chap01/banking/src/BankStatementRepository.ts","statementMap":{"0":{"start":{"line":5,"column":10},"end":{"line":5,"column":46}},"1":{"start":{"line":8,"column":4},"end":{"line":8,"column":36}},"2":{"start":{"line":11,"column":4},"end":{"line":11,"column":27}},"3":{"start":{"line":4,"column":0},"end":{"line":4,"column":13}}},"fnMap":{"0":{"name":"(anonymous_0)","decl":{"start":{"line":4,"column":0},"end":{"line":4,"column":13}},"loc":{"start":{"line":4,"column":0},"end":{"line":13,"column":1}}},"1":{"name":"(anonymous_1)","decl":{"start":{"line":7,"column":2},"end":{"line":7,"column":14}},"loc":{"start":{"line":7,"column":35},"end":{"line":9,"column":3}}},"2":{"name":"(anonymous_2)","decl":{"start":{"line":10,"column":2},"end":{"line":10,"column":18}},"loc":{"start":{"line":10,"column":18},"end":{"line":12,"column":3}}}},"branchMap":{},"s":{"0":1,"1":1,"2":1,"3":1},"f":{"0":1,"1":1,"2":1},"b":{}}
,"/Users/ford/projects/personal/TIL/JS/Udemy_node_TDD/chap01/banking/src/Statement.ts": {"path":"/Users/ford/projects/personal/TIL/JS/Udemy_node_TDD/chap01/banking/src/Statement.ts","statementMap":{"0":{"start":{"line":3,"column":12},"end":{"line":3,"column":22}},"1":{"start":{"line":4,"column":12},"end":{"line":4,"column":26}},"2":{"start":{"line":5,"column":12},"end":{"line":5,"column":27}},"3":{"start":{"line":9,"column":18},"end":{"line":9,"column":42}},"4":{"start":{"line":10,"column":16},"end":{"line":10,"column":35}},"5":{"start":{"line":11,"column":4},"end":{"line":14,"column":6}},"6":{"start":{"line":1,"column":0},"end":{"line":1,"column":13}}},"fnMap":{"0":{"name":"(anonymous_0)","decl":{"start":{"line":2,"column":2},"end":{"line":2,"column":null}},"loc":{"start":{"line":5,"column":27},"end":{"line":6,"column":6}}},"1":{"name":"(anonymous_1)","decl":{"start":{"line":8,"column":2},"end":{"line":8,"column":10}},"loc":{"start":{"line":8,"column":10},"end":{"line":15,"column":3}}}},"branchMap":{"0":{"loc":{"start":{"line":12,"column":9},"end":{"line":12,"column":35}},"type":"cond-expr","locations":[{"start":{"line":12,"column":20},"end":{"line":12,"column":29}},{"start":{"line":12,"column":32},"end":{"line":12,"column":35}}]},"1":{"loc":{"start":{"line":12,"column":39},"end":{"line":12,"column":71}},"type":"cond-expr","locations":[{"start":{"line":12,"column":52},"end":{"line":12,"column":63}},{"start":{"line":12,"column":66},"end":{"line":12,"column":71}}]},"2":{"loc":{"start":{"line":13,"column":13},"end":{"line":13,"column":39}},"type":"cond-expr","locations":[{"start":{"line":13,"column":31},"end":{"line":13,"column":34}},{"start":{"line":13,"column":37},"end":{"line":13,"column":39}}]}},"s":{"0":9,"1":9,"2":9,"3":4,"4":4,"5":4,"6":2},"f":{"0":9,"1":4},"b":{"0":[2,2],"1":[3,1],"2":[2,2]}}
}
