TN:
SF:src/BankAccount.ts
FN:13,(anonymous_0)
FN:15,(anonymous_1)
FN:21,(anonymous_2)
FN:27,(anonymous_3)
FNF:4
FNH:4
FNDA:4,(anonymous_0)
FNDA:2,(anonymous_1)
FNDA:2,(anonymous_2)
FNDA:4,(anonymous_3)
DA:1,1
DA:10,1
DA:11,4
DA:13,4
DA:16,2
DA:17,2
DA:18,2
DA:22,2
DA:23,2
DA:24,2
DA:28,4
DA:29,4
DA:30,4
LF:13
LH:13
BRF:0
BRH:0
end_of_record
TN:
SF:src/BankStatementRepository.ts
FN:4,(anonymous_0)
FN:7,(anonymous_1)
FN:10,(anonymous_2)
FNF:3
FNH:3
FNDA:1,(anonymous_0)
FNDA:1,(anonymous_1)
FNDA:1,(anonymous_2)
DA:4,1
DA:5,1
DA:8,1
DA:11,1
LF:4
LH:4
BRF:0
BRH:0
end_of_record
TN:
SF:src/Statement.ts
FN:2,(anonymous_0)
FN:8,(anonymous_1)
FNF:2
FNH:2
FNDA:9,(anonymous_0)
FNDA:4,(anonymous_1)
DA:1,2
DA:3,9
DA:4,9
DA:5,9
DA:9,4
DA:10,4
DA:11,4
LF:7
LH:7
BRDA:12,0,0,2
BRDA:12,0,1,2
BRDA:13,1,0,3
BRDA:13,1,1,1
BRDA:15,2,0,2
BRDA:15,2,1,2
BRF:6
BRH:6
end_of_record
