<?xml version="1.0" encoding="UTF-8"?>
<coverage generated="1680566531905" clover="3.2.0">
  <project timestamp="1680566531905" name="All files">
    <metrics statements="5" coveredstatements="5" conditionals="5" coveredconditionals="5" methods="1" coveredmethods="1" elements="11" coveredelements="11" complexity="0" loc="5" ncloc="5" packages="1" files="1" classes="1"/>
    <file name="FizzBuzz.ts" path="/Users/ford/projects/personal/TIL/JS/Udemy_node_TDD/chap01/fizzbuzz/src/FizzBuzz.ts">
      <metrics statements="5" coveredstatements="5" conditionals="5" coveredconditionals="5" methods="1" coveredmethods="1"/>
      <line num="1" count="1" type="stmt"/>
      <line num="2" count="4" type="cond" truecount="3" falsecount="0"/>
      <line num="6" count="3" type="cond" truecount="1" falsecount="0"/>
      <line num="10" count="2" type="cond" truecount="1" falsecount="0"/>
      <line num="14" count="1" type="stmt"/>
    </file>
  </project>
</coverage>
