{"/Users/ford/projects/personal/TIL/JS/Udemy_node_TDD/chap01/fizzbuzz/src/FizzBuzz.ts": {"path":"/Users/ford/projects/personal/TIL/JS/Udemy_node_TDD/chap01/fizzbuzz/src/FizzBuzz.ts","statementMap":{"0":{"start":{"line":2,"column":2},"end":{"line":2,"column":62}},"1":{"start":{"line":2,"column":44},"end":{"line":2,"column":62}},"2":{"start":{"line":6,"column":2},"end":{"line":6,"column":38}},"3":{"start":{"line":6,"column":24},"end":{"line":6,"column":38}},"4":{"start":{"line":10,"column":2},"end":{"line":10,"column":38}},"5":{"start":{"line":10,"column":24},"end":{"line":10,"column":38}},"6":{"start":{"line":14,"column":2},"end":{"line":14,"column":27}},"7":{"start":{"line":1,"column":0},"end":{"line":1,"column":16}}},"fnMap":{"0":{"name":"fizzBuzz","decl":{"start":{"line":1,"column":16},"end":{"line":1,"column":24}},"loc":{"start":{"line":1,"column":39},"end":{"line":18,"column":1}}}},"branchMap":{"0":{"loc":{"start":{"line":2,"column":2},"end":{"line":2,"column":62}},"type":"if","locations":[{"start":{"line":2,"column":2},"end":{"line":2,"column":62}}]},"1":{"loc":{"start":{"line":2,"column":6},"end":{"line":2,"column":42}},"type":"binary-expr","locations":[{"start":{"line":2,"column":6},"end":{"line":2,"column":22}},{"start":{"line":2,"column":26},"end":{"line":2,"column":42}}]},"2":{"loc":{"start":{"line":6,"column":2},"end":{"line":6,"column":38}},"type":"if","locations":[{"start":{"line":6,"column":2},"end":{"line":6,"column":38}}]},"3":{"loc":{"start":{"line":10,"column":2},"end":{"line":10,"column":38}},"type":"if","locations":[{"start":{"line":10,"column":2},"end":{"line":10,"column":38}}]}},"s":{"0":4,"1":1,"2":3,"3":1,"4":2,"5":1,"6":1,"7":1},"f":{"0":4},"b":{"0":[1],"1":[4,2],"2":[1],"3":[1]}}
}
