<?xml version="1.0" encoding="UTF-8"?>
<coverage generated="1680609864584" clover="3.2.0">
  <project timestamp="1680609864584" name="All files">
    <metrics statements="27" coveredstatements="27" conditionals="2" coveredconditionals="2" methods="8" coveredmethods="8" elements="37" coveredelements="37" complexity="0" loc="27" ncloc="27" packages="3" files="6" classes="6"/>
    <package name="models">
      <metrics statements="8" coveredstatements="8" conditionals="2" coveredconditionals="2" methods="2" coveredmethods="2"/>
      <file name="Secret.ts" path="/Users/heechan/projects/personal/TIL/JS/Udemy_node_TDD/chap02/src/models/Secret.ts">
        <metrics statements="4" coveredstatements="4" conditionals="1" coveredconditionals="1" methods="1" coveredmethods="1"/>
        <line num="1" count="3" type="stmt"/>
        <line num="3" count="3" type="stmt"/>
        <line num="4" count="5" type="stmt"/>
        <line num="5" count="5" type="cond" truecount="1" falsecount="0"/>
      </file>
      <file name="UrlId.ts" path="/Users/heechan/projects/personal/TIL/JS/Udemy_node_TDD/chap02/src/models/UrlId.ts">
        <metrics statements="4" coveredstatements="4" conditionals="1" coveredconditionals="1" methods="1" coveredmethods="1"/>
        <line num="1" count="3" type="stmt"/>
        <line num="3" count="3" type="stmt"/>
        <line num="4" count="5" type="stmt"/>
        <line num="5" count="5" type="cond" truecount="1" falsecount="0"/>
      </file>
    </package>
    <package name="models.errors">
      <metrics statements="6" coveredstatements="6" conditionals="0" coveredconditionals="0" methods="2" coveredmethods="2"/>
      <file name="SecretTooShortError.ts" path="/Users/heechan/projects/personal/TIL/JS/Udemy_node_TDD/chap02/src/models/errors/SecretTooShortError.ts">
        <metrics statements="3" coveredstatements="3" conditionals="0" coveredconditionals="0" methods="1" coveredmethods="1"/>
        <line num="1" count="3" type="stmt"/>
        <line num="3" count="1" type="stmt"/>
        <line num="4" count="1" type="stmt"/>
      </file>
      <file name="UrlIdTooShortError.ts" path="/Users/heechan/projects/personal/TIL/JS/Udemy_node_TDD/chap02/src/models/errors/UrlIdTooShortError.ts">
        <metrics statements="3" coveredstatements="3" conditionals="0" coveredconditionals="0" methods="1" coveredmethods="1"/>
        <line num="1" count="3" type="stmt"/>
        <line num="3" count="1" type="stmt"/>
        <line num="4" count="1" type="stmt"/>
      </file>
    </package>
    <package name="useCases">
      <metrics statements="13" coveredstatements="13" conditionals="0" coveredconditionals="0" methods="4" coveredmethods="4"/>
      <file name="OneTimeSecretRetriever.ts" path="/Users/heechan/projects/personal/TIL/JS/Udemy_node_TDD/chap02/src/useCases/OneTimeSecretRetriever.ts">
        <metrics statements="5" coveredstatements="5" conditionals="0" coveredconditionals="0" methods="2" coveredmethods="2"/>
        <line num="6" count="1" type="stmt"/>
        <line num="7" count="1" type="stmt"/>
        <line num="9" count="1" type="stmt"/>
        <line num="10" count="1" type="stmt"/>
        <line num="11" count="1" type="stmt"/>
      </file>
      <file name="OneTimeSecretStorer.ts" path="/Users/heechan/projects/personal/TIL/JS/Udemy_node_TDD/chap02/src/useCases/OneTimeSecretStorer.ts">
        <metrics statements="8" coveredstatements="8" conditionals="0" coveredconditionals="0" methods="2" coveredmethods="2"/>
        <line num="2" count="1" type="stmt"/>
        <line num="7" count="1" type="stmt"/>
        <line num="9" count="1" type="stmt"/>
        <line num="10" count="1" type="stmt"/>
        <line num="14" count="1" type="stmt"/>
        <line num="15" count="1" type="stmt"/>
        <line num="16" count="1" type="stmt"/>
        <line num="17" count="1" type="stmt"/>
      </file>
    </package>
  </project>
</coverage>
