<?xml version="1.0" encoding="UTF-8"?>
<coverage generated="1680611889941" clover="3.2.0">
  <project timestamp="1680611889941" name="All files">
    <metrics statements="30" coveredstatements="30" conditionals="2" coveredconditionals="2" methods="9" coveredmethods="9" elements="41" coveredelements="41" complexity="0" loc="30" ncloc="30" packages="4" files="7" classes="7"/>
    <package name="adapters">
      <metrics statements="3" coveredstatements="3" conditionals="0" coveredconditionals="0" methods="1" coveredmethods="1"/>
      <file name="UniqidTokenGenerator.ts" path="/Users/heechan/projects/personal/TIL/JS/Udemy_node_TDD/chap02/src/adapters/UniqidTokenGenerator.ts">
        <metrics statements="3" coveredstatements="3" conditionals="0" coveredconditionals="0" methods="1" coveredmethods="1"/>
        <line num="2" count="1" type="stmt"/>
        <line num="4" count="1" type="stmt"/>
        <line num="6" count="1" type="stmt"/>
      </file>
    </package>
    <package name="domain.models">
      <metrics statements="8" coveredstatements="8" conditionals="2" coveredconditionals="2" methods="2" coveredmethods="2"/>
      <file name="Secret.ts" path="/Users/heechan/projects/personal/TIL/JS/Udemy_node_TDD/chap02/src/domain/models/Secret.ts">
        <metrics statements="4" coveredstatements="4" conditionals="1" coveredconditionals="1" methods="1" coveredmethods="1"/>
        <line num="1" count="3" type="stmt"/>
        <line num="3" count="3" type="stmt"/>
        <line num="4" count="5" type="stmt"/>
        <line num="5" count="5" type="cond" truecount="1" falsecount="0"/>
      </file>
      <file name="UrlId.ts" path="/Users/heechan/projects/personal/TIL/JS/Udemy_node_TDD/chap02/src/domain/models/UrlId.ts">
        <metrics statements="4" coveredstatements="4" conditionals="1" coveredconditionals="1" methods="1" coveredmethods="1"/>
        <line num="1" count="3" type="stmt"/>
        <line num="3" count="3" type="stmt"/>
        <line num="4" count="5" type="stmt"/>
        <line num="5" count="5" type="cond" truecount="1" falsecount="0"/>
      </file>
    </package>
    <package name="domain.models.errors">
      <metrics statements="6" coveredstatements="6" conditionals="0" coveredconditionals="0" methods="2" coveredmethods="2"/>
      <file name="SecretTooShortError.ts" path="/Users/heechan/projects/personal/TIL/JS/Udemy_node_TDD/chap02/src/domain/models/errors/SecretTooShortError.ts">
        <metrics statements="3" coveredstatements="3" conditionals="0" coveredconditionals="0" methods="1" coveredmethods="1"/>
        <line num="1" count="3" type="stmt"/>
        <line num="3" count="1" type="stmt"/>
        <line num="4" count="1" type="stmt"/>
      </file>
      <file name="UrlIdTooShortError.ts" path="/Users/heechan/projects/personal/TIL/JS/Udemy_node_TDD/chap02/src/domain/models/errors/UrlIdTooShortError.ts">
        <metrics statements="3" coveredstatements="3" conditionals="0" coveredconditionals="0" methods="1" coveredmethods="1"/>
        <line num="1" count="3" type="stmt"/>
        <line num="3" count="1" type="stmt"/>
        <line num="4" count="1" type="stmt"/>
      </file>
    </package>
    <package name="domain.useCases">
      <metrics statements="13" coveredstatements="13" conditionals="0" coveredconditionals="0" methods="4" coveredmethods="4"/>
      <file name="OneTimeSecretRetriever.ts" path="/Users/heechan/projects/personal/TIL/JS/Udemy_node_TDD/chap02/src/domain/useCases/OneTimeSecretRetriever.ts">
        <metrics statements="5" coveredstatements="5" conditionals="0" coveredconditionals="0" methods="2" coveredmethods="2"/>
        <line num="6" count="1" type="stmt"/>
        <line num="7" count="1" type="stmt"/>
        <line num="9" count="1" type="stmt"/>
        <line num="10" count="1" type="stmt"/>
        <line num="11" count="1" type="stmt"/>
      </file>
      <file name="OneTimeSecretStorer.ts" path="/Users/heechan/projects/personal/TIL/JS/Udemy_node_TDD/chap02/src/domain/useCases/OneTimeSecretStorer.ts">
        <metrics statements="8" coveredstatements="8" conditionals="0" coveredconditionals="0" methods="2" coveredmethods="2"/>
        <line num="2" count="1" type="stmt"/>
        <line num="7" count="1" type="stmt"/>
        <line num="9" count="1" type="stmt"/>
        <line num="10" count="1" type="stmt"/>
        <line num="14" count="1" type="stmt"/>
        <line num="15" count="1" type="stmt"/>
        <line num="16" count="1" type="stmt"/>
        <line num="17" count="1" type="stmt"/>
      </file>
    </package>
  </project>
</coverage>
