{"/Users/heechan/projects/personal/TIL/JS/Udemy_node_TDD/chap02/src/Secret.ts": {"path":"/Users/heechan/projects/personal/TIL/JS/Udemy_node_TDD/chap02/src/Secret.ts","statementMap":{"0":{"start":{"line":1,"column":0},"end":{"line":1,"column":60}},"1":{"start":{"line":4,"column":22},"end":{"line":4,"column":36}},"2":{"start":{"line":5,"column":4},"end":{"line":5,"column":60}},"3":{"start":{"line":5,"column":28},"end":{"line":5,"column":60}},"4":{"start":{"line":3,"column":0},"end":{"line":3,"column":13}}},"fnMap":{"0":{"name":"(anonymous_0)","decl":{"start":{"line":4,"column":2},"end":{"line":4,"column":22}},"loc":{"start":{"line":4,"column":36},"end":{"line":6,"column":3}}}},"branchMap":{"0":{"loc":{"start":{"line":5,"column":4},"end":{"line":5,"column":60}},"type":"if","locations":[{"start":{"line":5,"column":4},"end":{"line":5,"column":60}}]}},"s":{"0":1,"1":2,"2":2,"3":1,"4":1},"f":{"0":2},"b":{"0":[1]}}
,"/Users/heechan/projects/personal/TIL/JS/Udemy_node_TDD/chap02/src/SecretTooShortError.ts": {"path":"/Users/heechan/projects/personal/TIL/JS/Udemy_node_TDD/chap02/src/SecretTooShortError.ts","statementMap":{"0":{"start":{"line":3,"column":4},"end":{"line":3,"column":33}},"1":{"start":{"line":4,"column":4},"end":{"line":4,"column":38}},"2":{"start":{"line":1,"column":0},"end":{"line":1,"column":13}}},"fnMap":{"0":{"name":"(anonymous_0)","decl":{"start":{"line":2,"column":2},"end":{"line":2,"column":null}},"loc":{"start":{"line":2,"column":2},"end":{"line":5,"column":3}}}},"branchMap":{},"s":{"0":1,"1":1,"2":1},"f":{"0":1},"b":{}}
,"/Users/heechan/projects/personal/TIL/JS/Udemy_node_TDD/chap02/src/UrlId.ts": {"path":"/Users/heechan/projects/personal/TIL/JS/Udemy_node_TDD/chap02/src/UrlId.ts","statementMap":{"0":{"start":{"line":1,"column":0},"end":{"line":1,"column":58}},"1":{"start":{"line":4,"column":22},"end":{"line":4,"column":35}},"2":{"start":{"line":5,"column":4},"end":{"line":5,"column":58}},"3":{"start":{"line":5,"column":27},"end":{"line":5,"column":58}},"4":{"start":{"line":3,"column":0},"end":{"line":3,"column":13}}},"fnMap":{"0":{"name":"(anonymous_0)","decl":{"start":{"line":4,"column":2},"end":{"line":4,"column":22}},"loc":{"start":{"line":4,"column":35},"end":{"line":6,"column":3}}}},"branchMap":{"0":{"loc":{"start":{"line":5,"column":4},"end":{"line":5,"column":58}},"type":"if","locations":[{"start":{"line":5,"column":4},"end":{"line":5,"column":58}}]}},"s":{"0":1,"1":2,"2":2,"3":1,"4":1},"f":{"0":2},"b":{"0":[1]}}
,"/Users/heechan/projects/personal/TIL/JS/Udemy_node_TDD/chap02/src/UrlIdTooShortError.ts": {"path":"/Users/heechan/projects/personal/TIL/JS/Udemy_node_TDD/chap02/src/UrlIdTooShortError.ts","statementMap":{"0":{"start":{"line":3,"column":4},"end":{"line":3,"column":32}},"1":{"start":{"line":4,"column":4},"end":{"line":4,"column":37}},"2":{"start":{"line":1,"column":0},"end":{"line":1,"column":13}}},"fnMap":{"0":{"name":"(anonymous_0)","decl":{"start":{"line":2,"column":2},"end":{"line":2,"column":null}},"loc":{"start":{"line":2,"column":2},"end":{"line":5,"column":3}}}},"branchMap":{},"s":{"0":1,"1":1,"2":1},"f":{"0":1},"b":{}}
}
