{"/Users/heechan/projects/personal/TIL/JS/Udemy_node_TDD/chap02/src/models/Secret.ts": {"path":"/Users/heechan/projects/personal/TIL/JS/Udemy_node_TDD/chap02/src/models/Secret.ts","statementMap":{"0":{"start":{"line":1,"column":0},"end":{"line":1,"column":67}},"1":{"start":{"line":4,"column":22},"end":{"line":4,"column":36}},"2":{"start":{"line":5,"column":4},"end":{"line":5,"column":60}},"3":{"start":{"line":5,"column":28},"end":{"line":5,"column":60}},"4":{"start":{"line":3,"column":0},"end":{"line":3,"column":13}}},"fnMap":{"0":{"name":"(anonymous_0)","decl":{"start":{"line":4,"column":2},"end":{"line":4,"column":22}},"loc":{"start":{"line":4,"column":36},"end":{"line":6,"column":3}}}},"branchMap":{"0":{"loc":{"start":{"line":5,"column":4},"end":{"line":5,"column":60}},"type":"if","locations":[{"start":{"line":5,"column":4},"end":{"line":5,"column":60}}]}},"s":{"0":3,"1":5,"2":5,"3":1,"4":3},"f":{"0":5},"b":{"0":[1]}}
,"/Users/heechan/projects/personal/TIL/JS/Udemy_node_TDD/chap02/src/models/UrlId.ts": {"path":"/Users/heechan/projects/personal/TIL/JS/Udemy_node_TDD/chap02/src/models/UrlId.ts","statementMap":{"0":{"start":{"line":1,"column":0},"end":{"line":1,"column":65}},"1":{"start":{"line":4,"column":22},"end":{"line":4,"column":35}},"2":{"start":{"line":5,"column":4},"end":{"line":5,"column":58}},"3":{"start":{"line":5,"column":27},"end":{"line":5,"column":58}},"4":{"start":{"line":3,"column":0},"end":{"line":3,"column":13}}},"fnMap":{"0":{"name":"(anonymous_0)","decl":{"start":{"line":4,"column":2},"end":{"line":4,"column":22}},"loc":{"start":{"line":4,"column":35},"end":{"line":6,"column":3}}}},"branchMap":{"0":{"loc":{"start":{"line":5,"column":4},"end":{"line":5,"column":58}},"type":"if","locations":[{"start":{"line":5,"column":4},"end":{"line":5,"column":58}}]}},"s":{"0":3,"1":5,"2":5,"3":1,"4":3},"f":{"0":5},"b":{"0":[1]}}
,"/Users/heechan/projects/personal/TIL/JS/Udemy_node_TDD/chap02/src/models/errors/SecretTooShortError.ts": {"path":"/Users/heechan/projects/personal/TIL/JS/Udemy_node_TDD/chap02/src/models/errors/SecretTooShortError.ts","statementMap":{"0":{"start":{"line":3,"column":4},"end":{"line":3,"column":33}},"1":{"start":{"line":4,"column":4},"end":{"line":4,"column":38}},"2":{"start":{"line":1,"column":0},"end":{"line":1,"column":13}}},"fnMap":{"0":{"name":"(anonymous_0)","decl":{"start":{"line":2,"column":2},"end":{"line":2,"column":null}},"loc":{"start":{"line":2,"column":2},"end":{"line":5,"column":3}}}},"branchMap":{},"s":{"0":1,"1":1,"2":3},"f":{"0":1},"b":{}}
,"/Users/heechan/projects/personal/TIL/JS/Udemy_node_TDD/chap02/src/models/errors/UrlIdTooShortError.ts": {"path":"/Users/heechan/projects/personal/TIL/JS/Udemy_node_TDD/chap02/src/models/errors/UrlIdTooShortError.ts","statementMap":{"0":{"start":{"line":3,"column":4},"end":{"line":3,"column":32}},"1":{"start":{"line":4,"column":4},"end":{"line":4,"column":37}},"2":{"start":{"line":1,"column":0},"end":{"line":1,"column":13}}},"fnMap":{"0":{"name":"(anonymous_0)","decl":{"start":{"line":2,"column":2},"end":{"line":2,"column":null}},"loc":{"start":{"line":2,"column":2},"end":{"line":5,"column":3}}}},"branchMap":{},"s":{"0":1,"1":1,"2":3},"f":{"0":1},"b":{}}
,"/Users/heechan/projects/personal/TIL/JS/Udemy_node_TDD/chap02/src/useCases/OneTimeSecretRetriever.ts": {"path":"/Users/heechan/projects/personal/TIL/JS/Udemy_node_TDD/chap02/src/useCases/OneTimeSecretRetriever.ts","statementMap":{"0":{"start":{"line":7,"column":22},"end":{"line":7,"column":56}},"1":{"start":{"line":9,"column":19},"end":{"line":9,"column":70}},"2":{"start":{"line":10,"column":4},"end":{"line":10,"column":59}},"3":{"start":{"line":11,"column":4},"end":{"line":11,"column":18}},"4":{"start":{"line":6,"column":0},"end":{"line":6,"column":13}}},"fnMap":{"0":{"name":"(anonymous_7)","decl":{"start":{"line":7,"column":2},"end":{"line":7,"column":22}},"loc":{"start":{"line":7,"column":56},"end":{"line":7,"column":60}}},"1":{"name":"(anonymous_8)","decl":{"start":{"line":8,"column":8},"end":{"line":8,"column":22}},"loc":{"start":{"line":8,"column":35},"end":{"line":12,"column":null}}}},"branchMap":{},"s":{"0":1,"1":1,"2":1,"3":1,"4":1},"f":{"0":1,"1":1},"b":{}}
,"/Users/heechan/projects/personal/TIL/JS/Udemy_node_TDD/chap02/src/useCases/OneTimeSecretStorer.ts": {"path":"/Users/heechan/projects/personal/TIL/JS/Udemy_node_TDD/chap02/src/useCases/OneTimeSecretStorer.ts","statementMap":{"0":{"start":{"line":2,"column":0},"end":{"line":2,"column":40}},"1":{"start":{"line":9,"column":12},"end":{"line":9,"column":46}},"2":{"start":{"line":10,"column":12},"end":{"line":10,"column":42}},"3":{"start":{"line":14,"column":18},"end":{"line":14,"column":53}},"4":{"start":{"line":15,"column":18},"end":{"line":15,"column":34}},"5":{"start":{"line":16,"column":4},"end":{"line":16,"column":67}},"6":{"start":{"line":17,"column":4},"end":{"line":17,"column":17}},"7":{"start":{"line":7,"column":0},"end":{"line":7,"column":13}}},"fnMap":{"0":{"name":"(anonymous_7)","decl":{"start":{"line":8,"column":2},"end":{"line":8,"column":null}},"loc":{"start":{"line":10,"column":42},"end":{"line":11,"column":6}}},"1":{"name":"(anonymous_8)","decl":{"start":{"line":13,"column":8},"end":{"line":13,"column":19}},"loc":{"start":{"line":13,"column":34},"end":{"line":18,"column":null}}}},"branchMap":{},"s":{"0":1,"1":1,"2":1,"3":1,"4":1,"5":1,"6":1,"7":1},"f":{"0":1,"1":1},"b":{}}
}
